<?xml version="1.0" encoding="UTF-8"?>
<!-- Generated by org.testng.reporters.JUnitReportReporter -->
<testsuite hostname="Chaitanya" failures="0" tests="1" name="program.Programtwo" time="0.004" errors="0" timestamp="2023-12-08T11:23:26 IST" skipped="0">
  <testcase classname="program.Programtwo" name="f" time="0.004"/>
  <system-out/>
</testsuite> <!-- program.Programtwo -->
